start a new calculation.
end of constructorIter    E(elec)               E(tot)                Ediff              Dendiff
0    -125.842077437699    -117.839710375889     125.842077437699       8.130304121003
1     -78.286583284743     -70.284216222932      47.555494152956       7.026491112291
2     -84.048316253435     -76.045949191624       5.761732968692       1.586429080972
3     -82.716965960854     -74.714598899043       1.331350292581       0.329292871348
4     -82.987140757003     -74.984773695193       0.270174796149       0.120465253224
5     -82.938133187513     -74.935766125703       0.049007569490       0.043060496804
6     -82.946271078699     -74.943904016889       0.008137891186       0.020309423061
7     -82.944486784914     -74.942119723104       0.001784293785       0.009137578496
8     -82.944617252243     -74.942250190433       0.000130467329       0.004460301971
9     -82.944503500703     -74.942136438892       0.000113751541       0.002127028935
10     -82.944478930626     -74.942111868815       0.000024570077       0.001026790950
11     -82.944461627685     -74.942094565874       0.000017302941       0.000494443064
12     -82.944454198375     -74.942087136564       0.000007429310       0.000238548591
13     -82.944450445051     -74.942083383241       0.000003753324       0.000115056300
14     -82.944448661686     -74.942081599875       0.000001783365       0.000055511004
15     -82.944447795931     -74.942080734120       0.000000865755       0.000026782106
16     -82.944447379017     -74.942080317206       0.000000416914       0.000012922161
17     -82.944447177685     -74.942080115875       0.000000201331       0.000006234890
18     -82.944447080565     -74.942080018755       0.000000097120       0.000003008344
19     -82.944447033699     -74.942079971889       0.000000046866       0.000001451536
20     -82.944447011086     -74.942079949276       0.000000022613       0.000000700372
21     -82.944447000175     -74.942079938365       0.000000010911       0.000000337933
22     -82.944446994911     -74.942079933100       0.000000005264       0.000000163055
23     -82.944446992371     -74.942079930560       0.000000002540       0.000000078675
coefficients0.994435
coefficients0.239159
coefficients1.07553e-16
coefficients-0.0936832
coefficients-2.54667e-17
coefficients0.11164
coefficients1.50921e-16
coefficients0.024097
coefficients-0.885736
coefficients-5.82867e-16
coefficients0.479586
coefficients2.54879e-16
coefficients-0.669579
coefficients-8.18789e-16
coefficients-2.81893e-18
coefficients9.08995e-16
coefficients-0.607285
coefficients2.2829e-15
coefficients-2.9145e-15
coefficients2.63678e-16
coefficients0.919234
coefficients0.00316155
coefficients-0.0858962
coefficients-2.00534e-15
coefficients-0.747431
coefficients3.10169e-15
coefficients-0.738489
coefficients1.88738e-15
coefficients-3.83488e-18
coefficients2.09329e-16
coefficients-2.93576e-15
coefficients2.35639e-15
coefficients1
coefficients1.79103e-15
coefficients5.95352e-16
coefficients-0.00459374
coefficients-0.14404
coefficients-0.452998
coefficients-0.329471
coefficients-1.46687e-15
coefficients0.709849
coefficients-0.732461
coefficients-0.00459374
coefficients-0.14404
coefficients0.452998
coefficients-0.329471
coefficients5.36222e-16
coefficients0.709849
coefficients0.732461
MP2 energy is -24.8567
the destructor is called 